# JRE version: OpenJDK Runtime Environment (17.0.6) (build 17.0.6+0-b2043.56-10027231)
# Java VM: OpenJDK 64-Bit Server VM (17.0.6+0-b2043.56-10027231, mixed mode, tiered, compressed oops, compressed class ptrs, g1 gc, windows-amd64)
GC Precious Log:
 CPUs: 4 total, 4 available
 Memory: 3952M
 Large Page Support: Disabled
 NUMA Support: Disabled
 Compressed Oops: Enabled (32-bit)
 Heap Region Size: 1M
 Heap Min Capacity: 8M
 Heap Initial Capacity: 62M
 Heap Max Capacity: 2G
 Pre-touch: Disabled
 Parallel Workers: 4
 Concurrent Workers: 1
 Concurrent Refinement Workers: 4
 Periodic GC: Disabled
Heap:
 garbage-first heap   total 293888K, used 146355K [0x0000000080000000, 0x0000000100000000)
  region size 1024K, 2 young (2048K), 2 survivors (2048K)
 Metaspace       used 114427K, committed 115136K, reserved 1155072K
  class space    used 14986K, committed 15296K, reserved 1048576K
GC Heap History (20 events):
Event: 34.646 GC heap after
{Heap after GC invocations=42 (full 0):
 garbage-first heap   total 293888K, used 94025K [0x0000000080000000, 0x0000000100000000)
  region size 1024K, 3 young (3072K), 3 survivors (3072K)
 Metaspace       used 83346K, committed 83904K, reserved 1122304K
  class space    used 11165K, committed 11392K, reserved 1048576K
}
Event: 38.298 GC heap before
{Heap before GC invocations=42 (full 0):
 garbage-first heap   total 293888K, used 214857K [0x0000000080000000, 0x0000000100000000)
  region size 1024K, 98 young (100352K), 3 survivors (3072K)
 Metaspace       used 83844K, committed 84416K, reserved 1122304K
  class space    used 11202K, committed 11456K, reserved 1048576K
}
Event: 38.326 GC heap after
{Heap after GC invocations=43 (full 0):
 garbage-first heap   total 293888K, used 97059K [0x0000000080000000, 0x0000000100000000)
  region size 1024K, 6 young (6144K), 6 survivors (6144K)
 Metaspace       used 83844K, committed 84416K, reserved 1122304K
  class space    used 11202K, committed 11456K, reserved 1048576K
}
Event: 41.565 GC heap before
{Heap before GC invocations=43 (full 0):
 garbage-first heap   total 293888K, used 213795K [0x0000000080000000, 0x0000000100000000)
  region size 1024K, 121 young (123904K), 6 survivors (6144K)
 Metaspace       used 88403K, committed 88960K, reserved 1130496K
  class space    used 11562K, committed 11840K, reserved 1048576K
}
Event: 41.614 GC heap after
{Heap after GC invocations=44 (full 0):
 garbage-first heap   total 293888K, used 100169K [0x0000000080000000, 0x0000000100000000)
  region size 1024K, 9 young (9216K), 9 survivors (9216K)
 Metaspace       used 88403K, committed 88960K, reserved 1130496K
  class space    used 11562K, committed 11840K, reserved 1048576K
}
Event: 47.076 GC heap before
{Heap before GC invocations=44 (full 0):
 garbage-first heap   total 293888K, used 219977K [0x0000000080000000, 0x0000000100000000)
  region size 1024K, 127 young (130048K), 9 survivors (9216K)
 Metaspace       used 93615K, committed 94272K, reserved 1130496K
  class space    used 12236K, committed 12544K, reserved 1048576K
}
Event: 47.110 GC heap after
{Heap after GC invocations=45 (full 0):
 garbage-first heap   total 293888K, used 101963K [0x0000000080000000, 0x0000000100000000)
  region size 1024K, 10 young (10240K), 10 survivors (10240K)
 Metaspace       used 93615K, committed 94272K, reserved 1130496K
  class space    used 12236K, committed 12544K, reserved 1048576K
}
Event: 49.025 GC heap before
{Heap before GC invocations=45 (full 0):
 garbage-first heap   total 293888K, used 227915K [0x0000000080000000, 0x0000000100000000)
  region size 1024K, 134 young (137216K), 10 survivors (10240K)
 Metaspace       used 94793K, committed 95424K, reserved 1138688K
  class space    used 12380K, committed 12672K, reserved 1048576K
}
Event: 49.062 GC heap after
{Heap after GC invocations=46 (full 0):
 garbage-first heap   total 293888K, used 107132K [0x0000000080000000, 0x0000000100000000)
  region size 1024K, 14 young (14336K), 14 survivors (14336K)
 Metaspace       used 94793K, committed 95424K, reserved 1138688K
  class space    used 12380K, committed 12672K, reserved 1048576K
}
Event: 51.135 GC heap before
{Heap before GC invocations=46 (full 0):
 garbage-first heap   total 293888K, used 236156K [0x0000000080000000, 0x0000000100000000)
  region size 1024K, 139 young (142336K), 14 survivors (14336K)
 Metaspace       used 98251K, committed 98816K, reserved 1138688K
  class space    used 12819K, committed 13120K, reserved 1048576K
}
Event: 51.157 GC heap after
{Heap after GC invocations=47 (full 0):
 garbage-first heap   total 293888K, used 105897K [0x0000000080000000, 0x0000000100000000)
  region size 1024K, 5 young (5120K), 5 survivors (5120K)
 Metaspace       used 98251K, committed 98816K, reserved 1138688K
  class space    used 12819K, committed 13120K, reserved 1048576K
}
Event: 59.984 GC heap before
{Heap before GC invocations=47 (full 0):
 garbage-first heap   total 293888K, used 239017K [0x0000000080000000, 0x0000000100000000)
  region size 1024K, 136 young (139264K), 5 survivors (5120K)
 Metaspace       used 104294K, committed 104896K, reserved 1146880K
  class space    used 13514K, committed 13824K, reserved 1048576K
}
Event: 60.000 GC heap after
{Heap after GC invocations=48 (full 0):
 garbage-first heap   total 293888K, used 114873K [0x0000000080000000, 0x0000000100000000)
  region size 1024K, 14 young (14336K), 14 survivors (14336K)
 Metaspace       used 104294K, committed 104896K, reserved 1146880K
  class space    used 13514K, committed 13824K, reserved 1048576K
}
Event: 62.034 GC heap before
{Heap before GC invocations=48 (full 0):
 garbage-first heap   total 293888K, used 237753K [0x0000000080000000, 0x0000000100000000)
  region size 1024K, 135 young (138240K), 14 survivors (14336K)
 Metaspace       used 109854K, committed 110528K, reserved 1146880K
  class space    used 14357K, committed 14656K, reserved 1048576K
}
Event: 62.117 GC heap after
{Heap after GC invocations=49 (full 0):
 garbage-first heap   total 293888K, used 133268K [0x0000000080000000, 0x0000000100000000)
  region size 1024K, 17 young (17408K), 17 survivors (17408K)
 Metaspace       used 109854K, committed 110528K, reserved 1146880K
  class space    used 14357K, committed 14656K, reserved 1048576K
}
Event: 63.385 GC heap before
{Heap before GC invocations=49 (full 0):
 garbage-first heap   total 293888K, used 230548K [0x0000000080000000, 0x0000000100000000)
  region size 1024K, 113 young (115712K), 17 survivors (17408K)
 Metaspace       used 112780K, committed 113472K, reserved 1146880K
  class space    used 14836K, committed 15168K, reserved 1048576K
}
Event: 63.510 GC heap after
{Heap after GC invocations=50 (full 0):
 garbage-first heap   total 293888K, used 144384K [0x0000000080000000, 0x0000000100000000)
  region size 1024K, 12 young (12288K), 12 survivors (12288K)
 Metaspace       used 112780K, committed 113472K, reserved 1146880K
  class space    used 14836K, committed 15168K, reserved 1048576K
}
Event: 65.477 GC heap before
{Heap before GC invocations=50 (full 0):
 garbage-first heap   total 293888K, used 234496K [0x0000000080000000, 0x0000000100000000)
  region size 1024K, 100 young (102400K), 12 survivors (12288K)
 Metaspace       used 113858K, committed 114496K, reserved 1155072K
  class space    used 14944K, committed 15232K, reserved 1048576K
}
Event: 65.525 GC heap after
{Heap after GC invocations=51 (full 0):
 garbage-first heap   total 293888K, used 146944K [0x0000000080000000, 0x0000000100000000)
  region size 1024K, 3 young (3072K), 3 survivors (3072K)
 Metaspace       used 113858K, committed 114496K, reserved 1155072K
  class space    used 14944K, committed 15232K, reserved 1048576K
}
Event: 66.347 GC heap before
{Heap before GC invocations=51 (full 0):
 garbage-first heap   total 293888K, used 239104K [0x0000000080000000, 0x0000000100000000)
  region size 1024K, 93 young (95232K), 3 survivors (3072K)
 Metaspace       used 114427K, committed 115136K, reserved 1155072K
  class space    used 14986K, committed 15296K, reserved 1048576K
}

