# JRE version: OpenJDK Runtime Environment (17.0.6) (build 17.0.6+0-b2043.56-10027231)
# Java VM: OpenJDK 64-Bit Server VM (17.0.6+0-b2043.56-10027231, mixed mode, tiered, compressed oops, compressed class ptrs, g1 gc, windows-amd64)
GC Precious Log:
 CPUs: 4 total, 4 available
 Memory: 3952M
 Large Page Support: Disabled
 NUMA Support: Disabled
 Compressed Oops: Enabled (32-bit)
 Heap Region Size: 1M
 Heap Min Capacity: 8M
 Heap Initial Capacity: 62M
 Heap Max Capacity: 2G
 Pre-touch: Disabled
 Parallel Workers: 4
 Concurrent Workers: 1
 Concurrent Refinement Workers: 4
 Periodic GC: Disabled
Heap:
 garbage-first heap   total 337920K, used 165451K [0x0000000080000000, 0x0000000100000000)
  region size 1024K, 30 young (30720K), 2 survivors (2048K)
 Metaspace       used 98311K, committed 98880K, reserved 1138688K
  class space    used 13305K, committed 13568K, reserved 1048576K
GC Heap History (20 events):
Event: 31.350 GC heap before
{Heap before GC invocations=36 (full 0):
 garbage-first heap   total 196608K, used 147394K [0x0000000080000000, 0x0000000100000000)
  region size 1024K, 87 young (89088K), 12 survivors (12288K)
 Metaspace       used 84154K, committed 84736K, reserved 1130496K
  class space    used 11295K, committed 11584K, reserved 1048576K
}
Event: 31.427 GC heap after
{Heap after GC invocations=37 (full 0):
 garbage-first heap   total 196608K, used 76963K [0x0000000080000000, 0x0000000100000000)
  region size 1024K, 6 young (6144K), 6 survivors (6144K)
 Metaspace       used 84154K, committed 84736K, reserved 1130496K
  class space    used 11295K, committed 11584K, reserved 1048576K
}
Event: 32.557 GC heap before
{Heap before GC invocations=37 (full 0):
 garbage-first heap   total 196608K, used 151715K [0x0000000080000000, 0x0000000100000000)
  region size 1024K, 80 young (81920K), 6 survivors (6144K)
 Metaspace       used 87386K, committed 87936K, reserved 1130496K
  class space    used 11750K, committed 12032K, reserved 1048576K
}
Event: 32.589 GC heap after
{Heap after GC invocations=38 (full 0):
 garbage-first heap   total 196608K, used 92615K [0x0000000080000000, 0x0000000100000000)
  region size 1024K, 10 young (10240K), 10 survivors (10240K)
 Metaspace       used 87386K, committed 87936K, reserved 1130496K
  class space    used 11750K, committed 12032K, reserved 1048576K
}
Event: 34.081 GC heap before
{Heap before GC invocations=38 (full 0):
 garbage-first heap   total 196608K, used 150983K [0x0000000080000000, 0x0000000100000000)
  region size 1024K, 67 young (68608K), 10 survivors (10240K)
 Metaspace       used 90203K, committed 90816K, reserved 1130496K
  class space    used 12139K, committed 12416K, reserved 1048576K
}
Event: 34.145 GC heap after
{Heap after GC invocations=39 (full 0):
 garbage-first heap   total 196608K, used 102368K [0x0000000080000000, 0x0000000100000000)
  region size 1024K, 9 young (9216K), 9 survivors (9216K)
 Metaspace       used 90203K, committed 90816K, reserved 1130496K
  class space    used 12139K, committed 12416K, reserved 1048576K
}
Event: 34.534 GC heap before
{Heap before GC invocations=39 (full 0):
 garbage-first heap   total 196608K, used 153568K [0x0000000080000000, 0x0000000100000000)
  region size 1024K, 59 young (60416K), 9 survivors (9216K)
 Metaspace       used 91063K, committed 91648K, reserved 1130496K
  class space    used 12258K, committed 12544K, reserved 1048576K
}
Event: 34.577 GC heap after
{Heap after GC invocations=40 (full 0):
 garbage-first heap   total 196608K, used 112105K [0x0000000080000000, 0x0000000100000000)
  region size 1024K, 8 young (8192K), 8 survivors (8192K)
 Metaspace       used 91063K, committed 91648K, reserved 1130496K
  class space    used 12258K, committed 12544K, reserved 1048576K
}
Event: 35.633 GC heap before
{Heap before GC invocations=41 (full 0):
 garbage-first heap   total 224256K, used 154089K [0x0000000080000000, 0x0000000100000000)
  region size 1024K, 49 young (50176K), 8 survivors (8192K)
 Metaspace       used 92370K, committed 92928K, reserved 1130496K
  class space    used 12438K, committed 12672K, reserved 1048576K
}
Event: 35.687 GC heap after
{Heap after GC invocations=42 (full 0):
 garbage-first heap   total 224256K, used 120382K [0x0000000080000000, 0x0000000100000000)
  region size 1024K, 7 young (7168K), 7 survivors (7168K)
 Metaspace       used 92370K, committed 92928K, reserved 1130496K
  class space    used 12438K, committed 12672K, reserved 1048576K
}
Event: 35.719 GC heap before
{Heap before GC invocations=42 (full 0):
 garbage-first heap   total 224256K, used 123454K [0x0000000080000000, 0x0000000100000000)
  region size 1024K, 10 young (10240K), 7 survivors (7168K)
 Metaspace       used 92370K, committed 92928K, reserved 1130496K
  class space    used 12438K, committed 12672K, reserved 1048576K
}
Event: 35.757 GC heap after
{Heap after GC invocations=43 (full 0):
 garbage-first heap   total 337920K, used 121202K [0x0000000080000000, 0x0000000100000000)
  region size 1024K, 2 young (2048K), 2 survivors (2048K)
 Metaspace       used 92370K, committed 92928K, reserved 1130496K
  class space    used 12438K, committed 12672K, reserved 1048576K
}
Event: 39.589 GC heap before
{Heap before GC invocations=43 (full 0):
 garbage-first heap   total 337920K, used 245106K [0x0000000080000000, 0x0000000100000000)
  region size 1024K, 123 young (125952K), 2 survivors (2048K)
 Metaspace       used 96605K, committed 97216K, reserved 1138688K
  class space    used 13165K, committed 13440K, reserved 1048576K
}
Event: 39.647 GC heap after
{Heap after GC invocations=44 (full 0):
 garbage-first heap   total 337920K, used 136192K [0x0000000080000000, 0x0000000100000000)
  region size 1024K, 16 young (16384K), 16 survivors (16384K)
 Metaspace       used 96605K, committed 97216K, reserved 1138688K
  class space    used 13165K, committed 13440K, reserved 1048576K
}
Event: 41.905 GC heap before
{Heap before GC invocations=44 (full 0):
 garbage-first heap   total 337920K, used 247808K [0x0000000080000000, 0x0000000100000000)
  region size 1024K, 125 young (128000K), 16 survivors (16384K)
 Metaspace       used 97642K, committed 98240K, reserved 1138688K
  class space    used 13227K, committed 13504K, reserved 1048576K
}
Event: 41.956 GC heap after
{Heap after GC invocations=45 (full 0):
 garbage-first heap   total 337920K, used 137803K [0x0000000080000000, 0x0000000100000000)
  region size 1024K, 2 young (2048K), 2 survivors (2048K)
 Metaspace       used 97642K, committed 98240K, reserved 1138688K
  class space    used 13227K, committed 13504K, reserved 1048576K
}
Event: 43.971 GC heap before
{Heap before GC invocations=45 (full 0):
 garbage-first heap   total 337920K, used 257611K [0x0000000080000000, 0x0000000100000000)
  region size 1024K, 119 young (121856K), 2 survivors (2048K)
 Metaspace       used 98227K, committed 98816K, reserved 1138688K
  class space    used 13303K, committed 13568K, reserved 1048576K
}
Event: 43.980 GC heap after
{Heap after GC invocations=46 (full 0):
 garbage-first heap   total 337920K, used 137324K [0x0000000080000000, 0x0000000100000000)
  region size 1024K, 2 young (2048K), 2 survivors (2048K)
 Metaspace       used 98227K, committed 98816K, reserved 1138688K
  class space    used 13303K, committed 13568K, reserved 1048576K
}
Event: 45.056 GC heap before
{Heap before GC invocations=46 (full 0):
 garbage-first heap   total 337920K, used 266348K [0x0000000080000000, 0x0000000100000000)
  region size 1024K, 128 young (131072K), 2 survivors (2048K)
 Metaspace       used 98299K, committed 98880K, reserved 1138688K
  class space    used 13304K, committed 13568K, reserved 1048576K
}
Event: 45.064 GC heap after
{Heap after GC invocations=47 (full 0):
 garbage-first heap   total 337920K, used 137803K [0x0000000080000000, 0x0000000100000000)
  region size 1024K, 2 young (2048K), 2 survivors (2048K)
 Metaspace       used 98299K, committed 98880K, reserved 1138688K
  class space    used 13304K, committed 13568K, reserved 1048576K
}

