# JRE version: OpenJDK Runtime Environment (17.0.6) (build 17.0.6+0-b2043.56-10027231)
# Java VM: OpenJDK 64-Bit Server VM (17.0.6+0-b2043.56-10027231, mixed mode, tiered, compressed oops, compressed class ptrs, g1 gc, windows-amd64)
GC Precious Log:
 CPUs: 4 total, 4 available
 Memory: 3952M
 Large Page Support: Disabled
 NUMA Support: Disabled
 Compressed Oops: Enabled (32-bit)
 Heap Region Size: 1M
 Heap Min Capacity: 8M
 Heap Initial Capacity: 62M
 Heap Max Capacity: 2G
 Pre-touch: Disabled
 Parallel Workers: 4
 Concurrent Workers: 1
 Concurrent Refinement Workers: 4
 Periodic GC: Disabled
Heap:
 garbage-first heap   total 266240K, used 136447K [0x0000000080000000, 0x0000000100000000)
  region size 1024K, 7 young (7168K), 7 survivors (7168K)
 Metaspace       used 99498K, committed 100160K, reserved 1138688K
  class space    used 13490K, committed 13824K, reserved 1048576K
GC Heap History (20 events):
Event: 21.753 GC heap after
{Heap after GC invocations=36 (full 0):
 garbage-first heap   total 302080K, used 71554K [0x0000000080000000, 0x0000000100000000)
  region size 1024K, 2 young (2048K), 2 survivors (2048K)
 Metaspace       used 80496K, committed 81024K, reserved 1122304K
  class space    used 10894K, committed 11136K, reserved 1048576K
}
Event: 27.058 GC heap before
{Heap before GC invocations=37 (full 0):
 garbage-first heap   total 266240K, used 225154K [0x0000000080000000, 0x0000000100000000)
  region size 1024K, 153 young (156672K), 2 survivors (2048K)
 Metaspace       used 88425K, committed 88960K, reserved 1130496K
  class space    used 11916K, committed 12160K, reserved 1048576K
}
Event: 27.185 GC heap after
{Heap after GC invocations=38 (full 0):
 garbage-first heap   total 266240K, used 89843K [0x0000000080000000, 0x0000000100000000)
  region size 1024K, 20 young (20480K), 20 survivors (20480K)
 Metaspace       used 88425K, committed 88960K, reserved 1130496K
  class space    used 11916K, committed 12160K, reserved 1048576K
}
Event: 27.313 GC heap before
{Heap before GC invocations=38 (full 0):
 garbage-first heap   total 266240K, used 90867K [0x0000000080000000, 0x0000000100000000)
  region size 1024K, 21 young (21504K), 20 survivors (20480K)
 Metaspace       used 88633K, committed 89216K, reserved 1130496K
  class space    used 11947K, committed 12224K, reserved 1048576K
}
Event: 27.454 GC heap after
{Heap after GC invocations=39 (full 0):
 garbage-first heap   total 266240K, used 87354K [0x0000000080000000, 0x0000000100000000)
  region size 1024K, 2 young (2048K), 2 survivors (2048K)
 Metaspace       used 88633K, committed 89216K, reserved 1130496K
  class space    used 11947K, committed 12224K, reserved 1048576K
}
Event: 30.623 GC heap before
{Heap before GC invocations=39 (full 0):
 garbage-first heap   total 266240K, used 195898K [0x0000000080000000, 0x0000000100000000)
  region size 1024K, 108 young (110592K), 2 survivors (2048K)
 Metaspace       used 93601K, committed 94208K, reserved 1130496K
  class space    used 12700K, committed 12992K, reserved 1048576K
}
Event: 30.673 GC heap after
{Heap after GC invocations=40 (full 0):
 garbage-first heap   total 266240K, used 104448K [0x0000000080000000, 0x0000000100000000)
  region size 1024K, 14 young (14336K), 14 survivors (14336K)
 Metaspace       used 93601K, committed 94208K, reserved 1130496K
  class space    used 12700K, committed 12992K, reserved 1048576K
}
Event: 32.801 GC heap before
{Heap before GC invocations=40 (full 0):
 garbage-first heap   total 266240K, used 198656K [0x0000000080000000, 0x0000000100000000)
  region size 1024K, 106 young (108544K), 14 survivors (14336K)
 Metaspace       used 96378K, committed 97024K, reserved 1138688K
  class space    used 13131K, committed 13440K, reserved 1048576K
}
Event: 32.872 GC heap after
{Heap after GC invocations=41 (full 0):
 garbage-first heap   total 266240K, used 117006K [0x0000000080000000, 0x0000000100000000)
  region size 1024K, 12 young (12288K), 12 survivors (12288K)
 Metaspace       used 96378K, committed 97024K, reserved 1138688K
  class space    used 13131K, committed 13440K, reserved 1048576K
}
Event: 34.830 GC heap before
{Heap before GC invocations=41 (full 0):
 garbage-first heap   total 266240K, used 204046K [0x0000000080000000, 0x0000000100000000)
  region size 1024K, 97 young (99328K), 12 survivors (12288K)
 Metaspace       used 97587K, committed 98240K, reserved 1138688K
  class space    used 13239K, committed 13568K, reserved 1048576K
}
Event: 34.865 GC heap after
{Heap after GC invocations=42 (full 0):
 garbage-first heap   total 266240K, used 118784K [0x0000000080000000, 0x0000000100000000)
  region size 1024K, 2 young (2048K), 2 survivors (2048K)
 Metaspace       used 97587K, committed 98240K, reserved 1138688K
  class space    used 13239K, committed 13568K, reserved 1048576K
}
Event: 35.986 GC heap before
{Heap before GC invocations=42 (full 0):
 garbage-first heap   total 266240K, used 211968K [0x0000000080000000, 0x0000000100000000)
  region size 1024K, 93 young (95232K), 2 survivors (2048K)
 Metaspace       used 97904K, committed 98560K, reserved 1138688K
  class space    used 13247K, committed 13568K, reserved 1048576K
}
Event: 35.995 GC heap after
{Heap after GC invocations=43 (full 0):
 garbage-first heap   total 266240K, used 118426K [0x0000000080000000, 0x0000000100000000)
  region size 1024K, 2 young (2048K), 2 survivors (2048K)
 Metaspace       used 97904K, committed 98560K, reserved 1138688K
  class space    used 13247K, committed 13568K, reserved 1048576K
}
Event: 37.563 GC heap before
{Heap before GC invocations=43 (full 0):
 garbage-first heap   total 266240K, used 215706K [0x0000000080000000, 0x0000000100000000)
  region size 1024K, 97 young (99328K), 2 survivors (2048K)
 Metaspace       used 99263K, committed 99904K, reserved 1138688K
  class space    used 13449K, committed 13760K, reserved 1048576K
}
Event: 37.573 GC heap after
{Heap after GC invocations=44 (full 0):
 garbage-first heap   total 266240K, used 118871K [0x0000000080000000, 0x0000000100000000)
  region size 1024K, 3 young (3072K), 3 survivors (3072K)
 Metaspace       used 99263K, committed 99904K, reserved 1138688K
  class space    used 13449K, committed 13760K, reserved 1048576K
}
Event: 38.728 GC heap before
{Heap before GC invocations=44 (full 0):
 garbage-first heap   total 266240K, used 219223K [0x0000000080000000, 0x0000000100000000)
  region size 1024K, 101 young (103424K), 3 survivors (3072K)
 Metaspace       used 99408K, committed 100032K, reserved 1138688K
  class space    used 13478K, committed 13760K, reserved 1048576K
}
Event: 38.741 GC heap after
{Heap after GC invocations=45 (full 0):
 garbage-first heap   total 266240K, used 123430K [0x0000000080000000, 0x0000000100000000)
  region size 1024K, 7 young (7168K), 7 survivors (7168K)
 Metaspace       used 99408K, committed 100032K, reserved 1138688K
  class space    used 13478K, committed 13760K, reserved 1048576K
}
Event: 39.676 GC heap before
{Heap before GC invocations=45 (full 0):
 garbage-first heap   total 266240K, used 220710K [0x0000000080000000, 0x0000000100000000)
  region size 1024K, 102 young (104448K), 7 survivors (7168K)
 Metaspace       used 99478K, committed 100096K, reserved 1138688K
  class space    used 13488K, committed 13760K, reserved 1048576K
}
Event: 39.700 GC heap after
{Heap after GC invocations=46 (full 0):
 garbage-first heap   total 266240K, used 130000K [0x0000000080000000, 0x0000000100000000)
  region size 1024K, 13 young (13312K), 13 survivors (13312K)
 Metaspace       used 99478K, committed 100096K, reserved 1138688K
  class space    used 13488K, committed 13760K, reserved 1048576K
}
Event: 40.256 GC heap before
{Heap before GC invocations=46 (full 0):
 garbage-first heap   total 266240K, used 220112K [0x0000000080000000, 0x0000000100000000)
  region size 1024K, 101 young (103424K), 13 survivors (13312K)
 Metaspace       used 99498K, committed 100160K, reserved 1138688K
  class space    used 13490K, committed 13824K, reserved 1048576K
}

