# JRE version: OpenJDK Runtime Environment (17.0.6) (build 17.0.6+0-b2043.56-10027231)
# Java VM: OpenJDK 64-Bit Server VM (17.0.6+0-b2043.56-10027231, mixed mode, tiered, compressed oops, compressed class ptrs, g1 gc, windows-amd64)
GC Precious Log:
 CPUs: 4 total, 4 available
 Memory: 3952M
 Large Page Support: Disabled
 NUMA Support: Disabled
 Compressed Oops: Enabled (32-bit)
 Heap Region Size: 1M
 Heap Min Capacity: 8M
 Heap Initial Capacity: 62M
 Heap Max Capacity: 2G
 Pre-touch: Disabled
 Parallel Workers: 4
 Concurrent Workers: 1
 Concurrent Refinement Workers: 4
 Periodic GC: Disabled
Heap:
 garbage-first heap   total 510976K, used 196971K [0x0000000080000000, 0x0000000100000000)
  region size 1024K, 26 young (26624K), 3 survivors (3072K)
 Metaspace       used 102644K, committed 103488K, reserved 1138688K
  class space    used 13647K, committed 14016K, reserved 1048576K
GC Heap History (20 events):
Event: 30.301 GC heap before
{Heap before GC invocations=50 (full 0):
 garbage-first heap   total 222208K, used 171964K [0x0000000080000000, 0x0000000100000000)
  region size 1024K, 51 young (52224K), 6 survivors (6144K)
 Metaspace       used 89183K, committed 89856K, reserved 1130496K
  class space    used 11928K, committed 12224K, reserved 1048576K
}
Event: 30.315 GC heap after
{Heap after GC invocations=51 (full 0):
 garbage-first heap   total 222208K, used 130188K [0x0000000080000000, 0x0000000100000000)
  region size 1024K, 7 young (7168K), 7 survivors (7168K)
 Metaspace       used 89183K, committed 89856K, reserved 1130496K
  class space    used 11928K, committed 12224K, reserved 1048576K
}
Event: 31.951 GC heap before
{Heap before GC invocations=51 (full 0):
 garbage-first heap   total 222208K, used 183436K [0x0000000080000000, 0x0000000100000000)
  region size 1024K, 59 young (60416K), 7 survivors (7168K)
 Metaspace       used 94202K, committed 94976K, reserved 1138688K
  class space    used 12636K, committed 12992K, reserved 1048576K
}
Event: 31.967 GC heap after
{Heap after GC invocations=52 (full 0):
 garbage-first heap   total 222208K, used 132961K [0x0000000080000000, 0x0000000100000000)
  region size 1024K, 6 young (6144K), 6 survivors (6144K)
 Metaspace       used 94202K, committed 94976K, reserved 1138688K
  class space    used 12636K, committed 12992K, reserved 1048576K
}
Event: 586.060 GC heap before
{Heap before GC invocations=53 (full 0):
 garbage-first heap   total 232448K, used 184161K [0x0000000080000000, 0x0000000100000000)
  region size 1024K, 56 young (57344K), 6 survivors (6144K)
 Metaspace       used 97243K, committed 98048K, reserved 1138688K
  class space    used 13026K, committed 13376K, reserved 1048576K
}
Event: 586.562 GC heap after
{Heap after GC invocations=54 (full 0):
 garbage-first heap   total 232448K, used 136422K [0x0000000080000000, 0x0000000100000000)
  region size 1024K, 7 young (7168K), 7 survivors (7168K)
 Metaspace       used 97243K, committed 98048K, reserved 1138688K
  class space    used 13026K, committed 13376K, reserved 1048576K
}
Event: 953.524 GC heap before
{Heap before GC invocations=54 (full 0):
 garbage-first heap   total 232448K, used 178406K [0x0000000080000000, 0x0000000100000000)
  region size 1024K, 49 young (50176K), 7 survivors (7168K)
 Metaspace       used 98430K, committed 99200K, reserved 1138688K
  class space    used 13150K, committed 13504K, reserved 1048576K
}
Event: 953.650 GC heap after
{Heap after GC invocations=55 (full 0):
 garbage-first heap   total 232448K, used 140447K [0x0000000080000000, 0x0000000100000000)
  region size 1024K, 7 young (7168K), 7 survivors (7168K)
 Metaspace       used 98430K, committed 99200K, reserved 1138688K
  class space    used 13150K, committed 13504K, reserved 1048576K
}
Event: 956.870 GC heap before
{Heap before GC invocations=56 (full 0):
 garbage-first heap   total 250880K, used 182431K [0x0000000080000000, 0x0000000100000000)
  region size 1024K, 48 young (49152K), 7 survivors (7168K)
 Metaspace       used 99399K, committed 100224K, reserved 1138688K
  class space    used 13310K, committed 13696K, reserved 1048576K
}
Event: 956.924 GC heap after
{Heap after GC invocations=57 (full 0):
 garbage-first heap   total 250880K, used 147209K [0x0000000080000000, 0x0000000100000000)
  region size 1024K, 6 young (6144K), 6 survivors (6144K)
 Metaspace       used 99399K, committed 100224K, reserved 1138688K
  class space    used 13310K, committed 13696K, reserved 1048576K
}
Event: 957.278 GC heap before
{Heap before GC invocations=57 (full 0):
 garbage-first heap   total 250880K, used 153353K [0x0000000080000000, 0x0000000100000000)
  region size 1024K, 12 young (12288K), 6 survivors (6144K)
 Metaspace       used 100430K, committed 101248K, reserved 1138688K
  class space    used 13424K, committed 13824K, reserved 1048576K
}
Event: 957.329 GC heap after
{Heap after GC invocations=58 (full 0):
 garbage-first heap   total 250880K, used 148795K [0x0000000080000000, 0x0000000100000000)
  region size 1024K, 2 young (2048K), 2 survivors (2048K)
 Metaspace       used 100430K, committed 101248K, reserved 1138688K
  class space    used 13424K, committed 13824K, reserved 1048576K
}
Event: 964.013 GC heap before
{Heap before GC invocations=58 (full 0):
 garbage-first heap   total 250880K, used 210235K [0x0000000080000000, 0x0000000100000000)
  region size 1024K, 60 young (61440K), 2 survivors (2048K)
 Metaspace       used 101837K, committed 102656K, reserved 1138688K
  class space    used 13574K, committed 13952K, reserved 1048576K
}
Event: 964.078 GC heap after
{Heap after GC invocations=59 (full 0):
 garbage-first heap   total 250880K, used 160726K [0x0000000080000000, 0x0000000100000000)
  region size 1024K, 8 young (8192K), 8 survivors (8192K)
 Metaspace       used 101837K, committed 102656K, reserved 1138688K
  class space    used 13574K, committed 13952K, reserved 1048576K
}
Event: 965.471 GC heap before
{Heap before GC invocations=60 (full 0):
 garbage-first heap   total 273408K, used 211926K [0x0000000080000000, 0x0000000100000000)
  region size 1024K, 50 young (51200K), 8 survivors (8192K)
 Metaspace       used 102557K, committed 103424K, reserved 1138688K
  class space    used 13640K, committed 14016K, reserved 1048576K
}
Event: 965.531 GC heap after
{Heap after GC invocations=61 (full 0):
 garbage-first heap   total 273408K, used 172891K [0x0000000080000000, 0x0000000100000000)
  region size 1024K, 7 young (7168K), 7 survivors (7168K)
 Metaspace       used 102557K, committed 103424K, reserved 1138688K
  class space    used 13640K, committed 14016K, reserved 1048576K
}
Event: 965.895 GC heap before
{Heap before GC invocations=61 (full 0):
 garbage-first heap   total 273408K, used 179035K [0x0000000080000000, 0x0000000100000000)
  region size 1024K, 13 young (13312K), 7 survivors (7168K)
 Metaspace       used 102564K, committed 103424K, reserved 1138688K
  class space    used 13640K, committed 14016K, reserved 1048576K
}
Event: 965.949 GC heap after
{Heap after GC invocations=62 (full 0):
 garbage-first heap   total 273408K, used 173741K [0x0000000080000000, 0x0000000100000000)
  region size 1024K, 2 young (2048K), 2 survivors (2048K)
 Metaspace       used 102564K, committed 103424K, reserved 1138688K
  class space    used 13640K, committed 14016K, reserved 1048576K
}
Event: 966.930 GC heap before
{Heap before GC invocations=62 (full 0):
 garbage-first heap   total 273408K, used 217773K [0x0000000080000000, 0x0000000100000000)
  region size 1024K, 45 young (46080K), 2 survivors (2048K)
 Metaspace       used 102644K, committed 103488K, reserved 1138688K
  class space    used 13647K, committed 14016K, reserved 1048576K
}
Event: 966.949 GC heap after
{Heap after GC invocations=63 (full 0):
 garbage-first heap   total 510976K, used 174443K [0x0000000080000000, 0x0000000100000000)
  region size 1024K, 3 young (3072K), 3 survivors (3072K)
 Metaspace       used 102644K, committed 103488K, reserved 1138688K
  class space    used 13647K, committed 14016K, reserved 1048576K
}

