# JRE version: OpenJDK Runtime Environment (17.0.6) (build 17.0.6+0-b2043.56-10027231)
# Java VM: OpenJDK 64-Bit Server VM (17.0.6+0-b2043.56-10027231, mixed mode, tiered, compressed oops, compressed class ptrs, g1 gc, windows-amd64)
GC Precious Log:
 CPUs: 4 total, 4 available
 Memory: 3952M
 Large Page Support: Disabled
 NUMA Support: Disabled
 Compressed Oops: Enabled (32-bit)
 Heap Region Size: 1M
 Heap Min Capacity: 8M
 Heap Initial Capacity: 62M
 Heap Max Capacity: 2G
 Pre-touch: Disabled
 Parallel Workers: 4
 Concurrent Workers: 1
 Concurrent Refinement Workers: 4
 Periodic GC: Disabled
Heap:
 garbage-first heap   total 177152K, used 117955K [0x0000000080000000, 0x0000000100000000)
  region size 1024K, 5 young (5120K), 5 survivors (5120K)
 Metaspace       used 95404K, committed 96000K, reserved 1138688K
  class space    used 13040K, committed 13312K, reserved 1048576K
GC Heap History (20 events):
Event: 44.069 GC heap after
{Heap after GC invocations=40 (full 0):
 garbage-first heap   total 147456K, used 61262K [0x0000000080000000, 0x0000000100000000)
  region size 1024K, 5 young (5120K), 5 survivors (5120K)
 Metaspace       used 75231K, committed 75776K, reserved 1122304K
  class space    used 10110K, committed 10368K, reserved 1048576K
}
Event: 45.773 GC heap before
{Heap before GC invocations=40 (full 0):
 garbage-first heap   total 147456K, used 113486K [0x0000000080000000, 0x0000000100000000)
  region size 1024K, 56 young (57344K), 5 survivors (5120K)
 Metaspace       used 77940K, committed 78464K, reserved 1122304K
  class space    used 10440K, committed 10688K, reserved 1048576K
}
Event: 45.810 GC heap after
{Heap after GC invocations=41 (full 0):
 garbage-first heap   total 147456K, used 68737K [0x0000000080000000, 0x0000000100000000)
  region size 1024K, 7 young (7168K), 7 survivors (7168K)
 Metaspace       used 77940K, committed 78464K, reserved 1122304K
  class space    used 10440K, committed 10688K, reserved 1048576K
}
Event: 48.197 GC heap before
{Heap before GC invocations=41 (full 0):
 garbage-first heap   total 147456K, used 113793K [0x0000000080000000, 0x0000000100000000)
  region size 1024K, 52 young (53248K), 7 survivors (7168K)
 Metaspace       used 80443K, committed 80960K, reserved 1122304K
  class space    used 10888K, committed 11136K, reserved 1048576K
}
Event: 48.244 GC heap after
{Heap after GC invocations=42 (full 0):
 garbage-first heap   total 147456K, used 73089K [0x0000000080000000, 0x0000000100000000)
  region size 1024K, 4 young (4096K), 4 survivors (4096K)
 Metaspace       used 80443K, committed 80960K, reserved 1122304K
  class space    used 10888K, committed 11136K, reserved 1048576K
}
Event: 50.356 GC heap before
{Heap before GC invocations=42 (full 0):
 garbage-first heap   total 147456K, used 116097K [0x0000000080000000, 0x0000000100000000)
  region size 1024K, 47 young (48128K), 4 survivors (4096K)
 Metaspace       used 81106K, committed 81600K, reserved 1122304K
  class space    used 10955K, committed 11200K, reserved 1048576K
}
Event: 50.374 GC heap after
{Heap after GC invocations=43 (full 0):
 garbage-first heap   total 147456K, used 76632K [0x0000000080000000, 0x0000000100000000)
  region size 1024K, 4 young (4096K), 4 survivors (4096K)
 Metaspace       used 81106K, committed 81600K, reserved 1122304K
  class space    used 10955K, committed 11200K, reserved 1048576K
}
Event: 51.733 GC heap before
{Heap before GC invocations=43 (full 0):
 garbage-first heap   total 147456K, used 118616K [0x0000000080000000, 0x0000000100000000)
  region size 1024K, 46 young (47104K), 4 survivors (4096K)
 Metaspace       used 83340K, committed 83904K, reserved 1122304K
  class space    used 11192K, committed 11456K, reserved 1048576K
}
Event: 51.756 GC heap after
{Heap after GC invocations=44 (full 0):
 garbage-first heap   total 147456K, used 79651K [0x0000000080000000, 0x0000000100000000)
  region size 1024K, 4 young (4096K), 4 survivors (4096K)
 Metaspace       used 83340K, committed 83904K, reserved 1122304K
  class space    used 11192K, committed 11456K, reserved 1048576K
}
Event: 52.622 GC heap before
{Heap before GC invocations=44 (full 0):
 garbage-first heap   total 147456K, used 118563K [0x0000000080000000, 0x0000000100000000)
  region size 1024K, 43 young (44032K), 4 survivors (4096K)
 Metaspace       used 86499K, committed 87040K, reserved 1130496K
  class space    used 11655K, committed 11904K, reserved 1048576K
}
Event: 52.638 GC heap after
{Heap after GC invocations=45 (full 0):
 garbage-first heap   total 147456K, used 83749K [0x0000000080000000, 0x0000000100000000)
  region size 1024K, 6 young (6144K), 6 survivors (6144K)
 Metaspace       used 86499K, committed 87040K, reserved 1130496K
  class space    used 11655K, committed 11904K, reserved 1048576K
}
Event: 53.083 GC heap before
{Heap before GC invocations=45 (full 0):
 garbage-first heap   total 147456K, used 119589K [0x0000000080000000, 0x0000000100000000)
  region size 1024K, 42 young (43008K), 6 survivors (6144K)
 Metaspace       used 88511K, committed 89024K, reserved 1130496K
  class space    used 11925K, committed 12160K, reserved 1048576K
}
Event: 53.113 GC heap after
{Heap after GC invocations=46 (full 0):
 garbage-first heap   total 177152K, used 91542K [0x0000000080000000, 0x0000000100000000)
  region size 1024K, 6 young (6144K), 6 survivors (6144K)
 Metaspace       used 88511K, committed 89024K, reserved 1130496K
  class space    used 11925K, committed 12160K, reserved 1048576K
}
Event: 54.933 GC heap before
{Heap before GC invocations=46 (full 0):
 garbage-first heap   total 177152K, used 138646K [0x0000000080000000, 0x0000000100000000)
  region size 1024K, 53 young (54272K), 6 survivors (6144K)
 Metaspace       used 91368K, committed 91968K, reserved 1130496K
  class space    used 12337K, committed 12608K, reserved 1048576K
}
Event: 54.972 GC heap after
{Heap after GC invocations=47 (full 0):
 garbage-first heap   total 177152K, used 98104K [0x0000000080000000, 0x0000000100000000)
  region size 1024K, 7 young (7168K), 7 survivors (7168K)
 Metaspace       used 91368K, committed 91968K, reserved 1130496K
  class space    used 12337K, committed 12608K, reserved 1048576K
}
Event: 55.477 GC heap before
{Heap before GC invocations=47 (full 0):
 garbage-first heap   total 177152K, used 139064K [0x0000000080000000, 0x0000000100000000)
  region size 1024K, 48 young (49152K), 7 survivors (7168K)
 Metaspace       used 92649K, committed 93248K, reserved 1130496K
  class space    used 12516K, committed 12800K, reserved 1048576K
}
Event: 55.529 GC heap after
{Heap after GC invocations=48 (full 0):
 garbage-first heap   total 177152K, used 105207K [0x0000000080000000, 0x0000000100000000)
  region size 1024K, 6 young (6144K), 6 survivors (6144K)
 Metaspace       used 92649K, committed 93248K, reserved 1130496K
  class space    used 12516K, committed 12800K, reserved 1048576K
}
Event: 55.764 GC heap before
{Heap before GC invocations=48 (full 0):
 garbage-first heap   total 177152K, used 141047K [0x0000000080000000, 0x0000000100000000)
  region size 1024K, 42 young (43008K), 6 survivors (6144K)
 Metaspace       used 93485K, committed 94016K, reserved 1130496K
  class space    used 12674K, committed 12928K, reserved 1048576K
}
Event: 55.795 GC heap after
{Heap after GC invocations=49 (full 0):
 garbage-first heap   total 177152K, used 112301K [0x0000000080000000, 0x0000000100000000)
  region size 1024K, 6 young (6144K), 6 survivors (6144K)
 Metaspace       used 93485K, committed 94016K, reserved 1130496K
  class space    used 12674K, committed 12928K, reserved 1048576K
}
Event: 56.521 GC heap before
{Heap before GC invocations=49 (full 0):
 garbage-first heap   total 177152K, used 143021K [0x0000000080000000, 0x0000000100000000)
  region size 1024K, 37 young (37888K), 6 survivors (6144K)
 Metaspace       used 95404K, committed 96000K, reserved 1138688K
  class space    used 13040K, committed 13312K, reserved 1048576K
}

