# JRE version: OpenJDK Runtime Environment (17.0.6) (build 17.0.6+0-b2043.56-10027231)
# Java VM: OpenJDK 64-Bit Server VM (17.0.6+0-b2043.56-10027231, mixed mode, tiered, compressed oops, compressed class ptrs, g1 gc, windows-amd64)
GC Precious Log:
 CPUs: 4 total, 4 available
 Memory: 3952M
 Large Page Support: Disabled
 NUMA Support: Disabled
 Compressed Oops: Enabled (32-bit)
 Heap Region Size: 1M
 Heap Min Capacity: 8M
 Heap Initial Capacity: 62M
 Heap Max Capacity: 2G
 Pre-touch: Disabled
 Parallel Workers: 4
 Concurrent Workers: 1
 Concurrent Refinement Workers: 4
 Periodic GC: Disabled
Heap:
 garbage-first heap   total 194560K, used 104393K [0x0000000080000000, 0x0000000100000000)
  region size 1024K, 1 young (1024K), 1 survivors (1024K)
 Metaspace       used 92716K, committed 93312K, reserved 1130496K
  class space    used 12507K, committed 12800K, reserved 1048576K
GC Heap History (20 events):
Event: 32.139 GC heap after
{Heap after GC invocations=47 (full 0):
 garbage-first heap   total 119808K, used 70954K [0x0000000080000000, 0x0000000100000000)
  region size 1024K, 3 young (3072K), 3 survivors (3072K)
 Metaspace       used 80427K, committed 80960K, reserved 1122304K
  class space    used 10890K, committed 11136K, reserved 1048576K
}
Event: 33.325 GC heap before
{Heap before GC invocations=48 (full 0):
 garbage-first heap   total 128000K, used 96554K [0x0000000080000000, 0x0000000100000000)
  region size 1024K, 29 young (29696K), 3 survivors (3072K)
 Metaspace       used 80809K, committed 81344K, reserved 1122304K
  class space    used 10924K, committed 11200K, reserved 1048576K
}
Event: 33.334 GC heap after
{Heap after GC invocations=49 (full 0):
 garbage-first heap   total 128000K, used 73107K [0x0000000080000000, 0x0000000100000000)
  region size 1024K, 2 young (2048K), 2 survivors (2048K)
 Metaspace       used 80809K, committed 81344K, reserved 1122304K
  class space    used 10924K, committed 11200K, reserved 1048576K
}
Event: 34.462 GC heap before
{Heap before GC invocations=49 (full 0):
 garbage-first heap   total 128000K, used 103827K [0x0000000080000000, 0x0000000100000000)
  region size 1024K, 33 young (33792K), 2 survivors (2048K)
 Metaspace       used 81342K, committed 81856K, reserved 1122304K
  class space    used 10964K, committed 11200K, reserved 1048576K
}
Event: 34.471 GC heap after
{Heap after GC invocations=50 (full 0):
 garbage-first heap   total 128000K, used 75478K [0x0000000080000000, 0x0000000100000000)
  region size 1024K, 5 young (5120K), 5 survivors (5120K)
 Metaspace       used 81342K, committed 81856K, reserved 1122304K
  class space    used 10964K, committed 11200K, reserved 1048576K
}
Event: 35.601 GC heap before
{Heap before GC invocations=51 (full 0):
 garbage-first heap   total 137216K, used 104150K [0x0000000080000000, 0x0000000100000000)
  region size 1024K, 34 young (34816K), 5 survivors (5120K)
 Metaspace       used 83378K, committed 83968K, reserved 1122304K
  class space    used 11194K, committed 11456K, reserved 1048576K
}
Event: 35.614 GC heap after
{Heap after GC invocations=52 (full 0):
 garbage-first heap   total 137216K, used 77365K [0x0000000080000000, 0x0000000100000000)
  region size 1024K, 5 young (5120K), 5 survivors (5120K)
 Metaspace       used 83378K, committed 83968K, reserved 1122304K
  class space    used 11194K, committed 11456K, reserved 1048576K
}
Event: 35.641 GC heap before
{Heap before GC invocations=52 (full 0):
 garbage-first heap   total 137216K, used 78389K [0x0000000080000000, 0x0000000100000000)
  region size 1024K, 6 young (6144K), 5 survivors (5120K)
 Metaspace       used 83415K, committed 83968K, reserved 1122304K
  class space    used 11198K, committed 11456K, reserved 1048576K
}
Event: 35.653 GC heap after
{Heap after GC invocations=53 (full 0):
 garbage-first heap   total 164864K, used 77065K [0x0000000080000000, 0x0000000100000000)
  region size 1024K, 1 young (1024K), 1 survivors (1024K)
 Metaspace       used 83415K, committed 83968K, reserved 1122304K
  class space    used 11198K, committed 11456K, reserved 1048576K
}
Event: 36.859 GC heap before
{Heap before GC invocations=53 (full 0):
 garbage-first heap   total 164864K, used 132361K [0x0000000080000000, 0x0000000100000000)
  region size 1024K, 56 young (57344K), 1 survivors (1024K)
 Metaspace       used 87231K, committed 87808K, reserved 1130496K
  class space    used 11742K, committed 12032K, reserved 1048576K
}
Event: 36.871 GC heap after
{Heap after GC invocations=54 (full 0):
 garbage-first heap   total 164864K, used 85349K [0x0000000080000000, 0x0000000100000000)
  region size 1024K, 7 young (7168K), 7 survivors (7168K)
 Metaspace       used 87231K, committed 87808K, reserved 1130496K
  class space    used 11742K, committed 12032K, reserved 1048576K
}
Event: 38.422 GC heap before
{Heap before GC invocations=55 (full 0):
 garbage-first heap   total 164864K, used 130405K [0x0000000080000000, 0x0000000100000000)
  region size 1024K, 52 young (53248K), 7 survivors (7168K)
 Metaspace       used 90492K, committed 91008K, reserved 1130496K
  class space    used 12216K, committed 12480K, reserved 1048576K
}
Event: 38.439 GC heap after
{Heap after GC invocations=56 (full 0):
 garbage-first heap   total 164864K, used 91316K [0x0000000080000000, 0x0000000100000000)
  region size 1024K, 7 young (7168K), 7 survivors (7168K)
 Metaspace       used 90492K, committed 91008K, reserved 1130496K
  class space    used 12216K, committed 12480K, reserved 1048576K
}
Event: 38.452 GC heap before
{Heap before GC invocations=56 (full 0):
 garbage-first heap   total 164864K, used 92340K [0x0000000080000000, 0x0000000100000000)
  region size 1024K, 8 young (8192K), 7 survivors (7168K)
 Metaspace       used 90548K, committed 91072K, reserved 1130496K
  class space    used 12224K, committed 12480K, reserved 1048576K
}
Event: 38.466 GC heap after
{Heap after GC invocations=57 (full 0):
 garbage-first heap   total 164864K, used 90951K [0x0000000080000000, 0x0000000100000000)
  region size 1024K, 1 young (1024K), 1 survivors (1024K)
 Metaspace       used 90548K, committed 91072K, reserved 1130496K
  class space    used 12224K, committed 12480K, reserved 1048576K
}
Event: 39.245 GC heap before
{Heap before GC invocations=57 (full 0):
 garbage-first heap   total 164864K, used 129863K [0x0000000080000000, 0x0000000100000000)
  region size 1024K, 39 young (39936K), 1 survivors (1024K)
 Metaspace       used 92580K, committed 93120K, reserved 1130496K
  class space    used 12485K, committed 12736K, reserved 1048576K
}
Event: 39.266 GC heap after
{Heap after GC invocations=58 (full 0):
 garbage-first heap   total 164864K, used 97569K [0x0000000080000000, 0x0000000100000000)
  region size 1024K, 5 young (5120K), 5 survivors (5120K)
 Metaspace       used 92580K, committed 93120K, reserved 1130496K
  class space    used 12485K, committed 12736K, reserved 1048576K
}
Event: 40.123 GC heap before
{Heap before GC invocations=59 (full 0):
 garbage-first heap   total 194560K, used 130337K [0x0000000080000000, 0x0000000100000000)
  region size 1024K, 37 young (37888K), 5 survivors (5120K)
 Metaspace       used 92714K, committed 93312K, reserved 1130496K
  class space    used 12505K, committed 12800K, reserved 1048576K
}
Event: 40.145 GC heap after
{Heap after GC invocations=60 (full 0):
 garbage-first heap   total 194560K, used 103424K [0x0000000080000000, 0x0000000100000000)
  region size 1024K, 5 young (5120K), 5 survivors (5120K)
 Metaspace       used 92714K, committed 93312K, reserved 1130496K
  class space    used 12505K, committed 12800K, reserved 1048576K
}
Event: 40.308 GC heap before
{Heap before GC invocations=60 (full 0):
 garbage-first heap   total 194560K, used 107520K [0x0000000080000000, 0x0000000100000000)
  region size 1024K, 9 young (9216K), 5 survivors (5120K)
 Metaspace       used 92716K, committed 93312K, reserved 1130496K
  class space    used 12507K, committed 12800K, reserved 1048576K
}

