# JRE version: OpenJDK Runtime Environment (17.0.6) (build 17.0.6+0-b2043.56-10027231)
# Java VM: OpenJDK 64-Bit Server VM (17.0.6+0-b2043.56-10027231, mixed mode, tiered, compressed oops, compressed class ptrs, g1 gc, windows-amd64)
GC Precious Log:
 CPUs: 4 total, 4 available
 Memory: 3952M
 Large Page Support: Disabled
 NUMA Support: Disabled
 Compressed Oops: Enabled (32-bit)
 Heap Region Size: 1M
 Heap Min Capacity: 8M
 Heap Initial Capacity: 62M
 Heap Max Capacity: 2G
 Pre-touch: Disabled
 Parallel Workers: 4
 Concurrent Workers: 1
 Concurrent Refinement Workers: 4
 Periodic GC: Disabled
Heap:
 garbage-first heap   total 63488K, used 40074K [0x0000000080000000, 0x0000000100000000)
  region size 1024K, 24 young (24576K), 3 survivors (3072K)
 Metaspace       used 29160K, committed 29376K, reserved 1081344K
  class space    used 3913K, committed 4032K, reserved 1048576K
GC Heap History (12 events):
Event: 4.031 GC heap before
{Heap before GC invocations=0 (full 0):
 garbage-first heap   total 63488K, used 15360K [0x0000000080000000, 0x0000000100000000)
  region size 1024K, 13 young (13312K), 0 survivors (0K)
 Metaspace       used 7190K, committed 7360K, reserved 1056768K
  class space    used 616K, committed 704K, reserved 1048576K
}
Event: 4.040 GC heap after
{Heap after GC invocations=1 (full 0):
 garbage-first heap   total 63488K, used 4344K [0x0000000080000000, 0x0000000100000000)
  region size 1024K, 2 young (2048K), 2 survivors (2048K)
 Metaspace       used 7190K, committed 7360K, reserved 1056768K
  class space    used 616K, committed 704K, reserved 1048576K
}
Event: 5.781 GC heap before
{Heap before GC invocations=1 (full 0):
 garbage-first heap   total 63488K, used 20728K [0x0000000080000000, 0x0000000100000000)
  region size 1024K, 16 young (16384K), 2 survivors (2048K)
 Metaspace       used 11072K, committed 11264K, reserved 1064960K
  class space    used 1160K, committed 1280K, reserved 1048576K
}
Event: 5.790 GC heap after
{Heap after GC invocations=2 (full 0):
 garbage-first heap   total 63488K, used 9590K [0x0000000080000000, 0x0000000100000000)
  region size 1024K, 2 young (2048K), 2 survivors (2048K)
 Metaspace       used 11072K, committed 11264K, reserved 1064960K
  class space    used 1160K, committed 1280K, reserved 1048576K
}
Event: 6.659 GC heap before
{Heap before GC invocations=2 (full 0):
 garbage-first heap   total 63488K, used 29046K [0x0000000080000000, 0x0000000100000000)
  region size 1024K, 20 young (20480K), 2 survivors (2048K)
 Metaspace       used 11151K, committed 11328K, reserved 1064960K
  class space    used 1161K, committed 1280K, reserved 1048576K
}
Event: 6.666 GC heap after
{Heap after GC invocations=3 (full 0):
 garbage-first heap   total 63488K, used 11872K [0x0000000080000000, 0x0000000100000000)
  region size 1024K, 3 young (3072K), 3 survivors (3072K)
 Metaspace       used 11151K, committed 11328K, reserved 1064960K
  class space    used 1161K, committed 1280K, reserved 1048576K
}
Event: 11.832 GC heap before
{Heap before GC invocations=3 (full 0):
 garbage-first heap   total 63488K, used 42592K [0x0000000080000000, 0x0000000100000000)
  region size 1024K, 33 young (33792K), 3 survivors (3072K)
 Metaspace       used 18879K, committed 19136K, reserved 1073152K
  class space    used 2233K, committed 2368K, reserved 1048576K
}
Event: 11.843 GC heap after
{Heap after GC invocations=4 (full 0):
 garbage-first heap   total 63488K, used 17290K [0x0000000080000000, 0x0000000100000000)
  region size 1024K, 5 young (5120K), 5 survivors (5120K)
 Metaspace       used 18879K, committed 19136K, reserved 1073152K
  class space    used 2233K, committed 2368K, reserved 1048576K
}
Event: 13.221 GC heap before
{Heap before GC invocations=4 (full 0):
 garbage-first heap   total 63488K, used 29578K [0x0000000080000000, 0x0000000100000000)
  region size 1024K, 18 young (18432K), 5 survivors (5120K)
 Metaspace       used 21310K, committed 21504K, reserved 1073152K
  class space    used 2622K, committed 2688K, reserved 1048576K
}
Event: 13.247 GC heap after
{Heap after GC invocations=5 (full 0):
 garbage-first heap   total 63488K, used 17985K [0x0000000080000000, 0x0000000100000000)
  region size 1024K, 1 young (1024K), 1 survivors (1024K)
 Metaspace       used 21310K, committed 21504K, reserved 1073152K
  class space    used 2622K, committed 2688K, reserved 1048576K
}
Event: 16.372 GC heap before
{Heap before GC invocations=6 (full 0):
 garbage-first heap   total 63488K, used 44609K [0x0000000080000000, 0x0000000100000000)
  region size 1024K, 27 young (27648K), 1 survivors (1024K)
 Metaspace       used 25932K, committed 26240K, reserved 1073152K
  class space    used 3380K, committed 3520K, reserved 1048576K
}
Event: 16.379 GC heap after
{Heap after GC invocations=7 (full 0):
 garbage-first heap   total 63488K, used 19594K [0x0000000080000000, 0x0000000100000000)
  region size 1024K, 3 young (3072K), 3 survivors (3072K)
 Metaspace       used 25932K, committed 26240K, reserved 1073152K
  class space    used 3380K, committed 3520K, reserved 1048576K
}

