# JRE version: OpenJDK Runtime Environment (17.0.6) (build 17.0.6+0-b2043.56-10027231)
# Java VM: OpenJDK 64-Bit Server VM (17.0.6+0-b2043.56-10027231, mixed mode, tiered, compressed oops, compressed class ptrs, g1 gc, windows-amd64)
GC Precious Log:
 CPUs: 4 total, 4 available
 Memory: 3952M
 Large Page Support: Disabled
 NUMA Support: Disabled
 Compressed Oops: Enabled (32-bit)
 Heap Region Size: 1M
 Heap Min Capacity: 8M
 Heap Initial Capacity: 62M
 Heap Max Capacity: 2G
 Pre-touch: Disabled
 Parallel Workers: 4
 Concurrent Workers: 1
 Concurrent Refinement Workers: 4
 Periodic GC: Disabled
Heap:
 garbage-first heap   total 223232K, used 128512K [0x0000000080000000, 0x0000000100000000)
  region size 1024K, 8 young (8192K), 8 survivors (8192K)
 Metaspace       used 95946K, committed 96512K, reserved 1138688K
  class space    used 13073K, committed 13376K, reserved 1048576K
GC Heap History (20 events):
Event: 28.034 GC heap after
{Heap after GC invocations=42 (full 0):
 garbage-first heap   total 116736K, used 65381K [0x0000000080000000, 0x0000000100000000)
  region size 1024K, 5 young (5120K), 5 survivors (5120K)
 Metaspace       used 77922K, committed 78528K, reserved 1122304K
  class space    used 10436K, committed 10752K, reserved 1048576K
}
Event: 29.197 GC heap before
{Heap before GC invocations=43 (full 0):
 garbage-first heap   total 122880K, used 94053K [0x0000000080000000, 0x0000000100000000)
  region size 1024K, 33 young (33792K), 5 survivors (5120K)
 Metaspace       used 80150K, committed 80704K, reserved 1122304K
  class space    used 10865K, committed 11136K, reserved 1048576K
}
Event: 29.227 GC heap after
{Heap after GC invocations=44 (full 0):
 garbage-first heap   total 122880K, used 68851K [0x0000000080000000, 0x0000000100000000)
  region size 1024K, 4 young (4096K), 4 survivors (4096K)
 Metaspace       used 80150K, committed 80704K, reserved 1122304K
  class space    used 10865K, committed 11136K, reserved 1048576K
}
Event: 29.303 GC heap before
{Heap before GC invocations=44 (full 0):
 garbage-first heap   total 122880K, used 70899K [0x0000000080000000, 0x0000000100000000)
  region size 1024K, 6 young (6144K), 4 survivors (4096K)
 Metaspace       used 80261K, committed 80832K, reserved 1122304K
  class space    used 10885K, committed 11136K, reserved 1048576K
}
Event: 29.321 GC heap after
{Heap after GC invocations=45 (full 0):
 garbage-first heap   total 122880K, used 69295K [0x0000000080000000, 0x0000000100000000)
  region size 1024K, 1 young (1024K), 1 survivors (1024K)
 Metaspace       used 80261K, committed 80832K, reserved 1122304K
  class space    used 10885K, committed 11136K, reserved 1048576K
}
Event: 30.204 GC heap before
{Heap before GC invocations=45 (full 0):
 garbage-first heap   total 122880K, used 97967K [0x0000000080000000, 0x0000000100000000)
  region size 1024K, 30 young (30720K), 1 survivors (1024K)
 Metaspace       used 80460K, committed 80960K, reserved 1122304K
  class space    used 10887K, committed 11136K, reserved 1048576K
}
Event: 30.211 GC heap after
{Heap after GC invocations=46 (full 0):
 garbage-first heap   total 122880K, used 71011K [0x0000000080000000, 0x0000000100000000)
  region size 1024K, 3 young (3072K), 3 survivors (3072K)
 Metaspace       used 80460K, committed 80960K, reserved 1122304K
  class space    used 10887K, committed 11136K, reserved 1048576K
}
Event: 32.974 GC heap before
{Heap before GC invocations=47 (full 0):
 garbage-first heap   total 122880K, used 99683K [0x0000000080000000, 0x0000000100000000)
  region size 1024K, 32 young (32768K), 3 survivors (3072K)
 Metaspace       used 81005K, committed 81536K, reserved 1122304K
  class space    used 10953K, committed 11200K, reserved 1048576K
}
Event: 32.997 GC heap after
{Heap after GC invocations=48 (full 0):
 garbage-first heap   total 122880K, used 73436K [0x0000000080000000, 0x0000000100000000)
  region size 1024K, 4 young (4096K), 4 survivors (4096K)
 Metaspace       used 81005K, committed 81536K, reserved 1122304K
  class space    used 10953K, committed 11200K, reserved 1048576K
}
Event: 33.097 GC heap before
{Heap before GC invocations=48 (full 0):
 garbage-first heap   total 122880K, used 75484K [0x0000000080000000, 0x0000000100000000)
  region size 1024K, 6 young (6144K), 4 survivors (4096K)
 Metaspace       used 81008K, committed 81536K, reserved 1122304K
  class space    used 10953K, committed 11200K, reserved 1048576K
}
Event: 33.138 GC heap after
{Heap after GC invocations=49 (full 0):
 garbage-first heap   total 223232K, used 73678K [0x0000000080000000, 0x0000000100000000)
  region size 1024K, 1 young (1024K), 1 survivors (1024K)
 Metaspace       used 81008K, committed 81536K, reserved 1122304K
  class space    used 10953K, committed 11200K, reserved 1048576K
}
Event: 38.959 GC heap before
{Heap before GC invocations=49 (full 0):
 garbage-first heap   total 223232K, used 165838K [0x0000000080000000, 0x0000000100000000)
  region size 1024K, 92 young (94208K), 1 survivors (1024K)
 Metaspace       used 85908K, committed 86400K, reserved 1130496K
  class space    used 11580K, committed 11840K, reserved 1048576K
}
Event: 38.982 GC heap after
{Heap after GC invocations=50 (full 0):
 garbage-first heap   total 223232K, used 82871K [0x0000000080000000, 0x0000000100000000)
  region size 1024K, 10 young (10240K), 10 survivors (10240K)
 Metaspace       used 85908K, committed 86400K, reserved 1130496K
  class space    used 11580K, committed 11840K, reserved 1048576K
}
Event: 40.820 GC heap before
{Heap before GC invocations=50 (full 0):
 garbage-first heap   total 223232K, used 170935K [0x0000000080000000, 0x0000000100000000)
  region size 1024K, 97 young (99328K), 10 survivors (10240K)
 Metaspace       used 90690K, committed 91264K, reserved 1130496K
  class space    used 12248K, committed 12544K, reserved 1048576K
}
Event: 40.900 GC heap after
{Heap after GC invocations=51 (full 0):
 garbage-first heap   total 223232K, used 98304K [0x0000000080000000, 0x0000000100000000)
  region size 1024K, 13 young (13312K), 13 survivors (13312K)
 Metaspace       used 90690K, committed 91264K, reserved 1130496K
  class space    used 12248K, committed 12544K, reserved 1048576K
}
Event: 42.584 GC heap before
{Heap before GC invocations=51 (full 0):
 garbage-first heap   total 223232K, used 169984K [0x0000000080000000, 0x0000000100000000)
  region size 1024K, 84 young (86016K), 13 survivors (13312K)
 Metaspace       used 92584K, committed 93120K, reserved 1130496K
  class space    used 12491K, committed 12736K, reserved 1048576K
}
Event: 42.647 GC heap after
{Heap after GC invocations=52 (full 0):
 garbage-first heap   total 223232K, used 108316K [0x0000000080000000, 0x0000000100000000)
  region size 1024K, 11 young (11264K), 11 survivors (11264K)
 Metaspace       used 92584K, committed 93120K, reserved 1130496K
  class space    used 12491K, committed 12736K, reserved 1048576K
}
Event: 42.975 GC heap before
{Heap before GC invocations=52 (full 0):
 garbage-first heap   total 223232K, used 172828K [0x0000000080000000, 0x0000000100000000)
  region size 1024K, 74 young (75776K), 11 survivors (11264K)
 Metaspace       used 92625K, committed 93120K, reserved 1130496K
  class space    used 12493K, committed 12736K, reserved 1048576K
}
Event: 43.059 GC heap after
{Heap after GC invocations=53 (full 0):
 garbage-first heap   total 223232K, used 120320K [0x0000000080000000, 0x0000000100000000)
  region size 1024K, 10 young (10240K), 10 survivors (10240K)
 Metaspace       used 92625K, committed 93120K, reserved 1130496K
  class space    used 12493K, committed 12736K, reserved 1048576K
}
Event: 44.190 GC heap before
{Heap before GC invocations=53 (full 0):
 garbage-first heap   total 223232K, used 176640K [0x0000000080000000, 0x0000000100000000)
  region size 1024K, 65 young (66560K), 10 survivors (10240K)
 Metaspace       used 95946K, committed 96512K, reserved 1138688K
  class space    used 13073K, committed 13376K, reserved 1048576K
}

