# JRE version: OpenJDK Runtime Environment (17.0.6) (build 17.0.6+0-b2043.56-10027231)
# Java VM: OpenJDK 64-Bit Server VM (17.0.6+0-b2043.56-10027231, mixed mode, tiered, compressed oops, compressed class ptrs, g1 gc, windows-amd64)
GC Precious Log:
 CPUs: 4 total, 4 available
 Memory: 3952M
 Large Page Support: Disabled
 NUMA Support: Disabled
 Compressed Oops: Enabled (32-bit)
 Heap Region Size: 1M
 Heap Min Capacity: 8M
 Heap Initial Capacity: 62M
 Heap Max Capacity: 2G
 Pre-touch: Disabled
 Parallel Workers: 4
 Concurrent Workers: 1
 Concurrent Refinement Workers: 4
 Periodic GC: Disabled
Heap:
 garbage-first heap   total 163840K, used 94208K [0x0000000080000000, 0x0000000100000000)
  region size 1024K, 1 young (1024K), 1 survivors (1024K)
 Metaspace       used 91281K, committed 91840K, reserved 1130496K
  class space    used 12363K, committed 12608K, reserved 1048576K
GC Heap History (20 events):
Event: 25.994 GC heap after
{Heap after GC invocations=33 (full 0):
 garbage-first heap   total 118784K, used 67114K [0x0000000080000000, 0x0000000100000000)
  region size 1024K, 5 young (5120K), 5 survivors (5120K)
 Metaspace       used 78810K, committed 79424K, reserved 1122304K
  class space    used 10633K, committed 10944K, reserved 1048576K
}
Event: 27.031 GC heap before
{Heap before GC invocations=34 (full 0):
 garbage-first heap   total 118784K, used 94762K [0x0000000080000000, 0x0000000100000000)
  region size 1024K, 33 young (33792K), 5 survivors (5120K)
 Metaspace       used 80292K, committed 80896K, reserved 1122304K
  class space    used 10901K, committed 11200K, reserved 1048576K
}
Event: 27.044 GC heap after
{Heap after GC invocations=35 (full 0):
 garbage-first heap   total 118784K, used 69614K [0x0000000080000000, 0x0000000100000000)
  region size 1024K, 3 young (3072K), 3 survivors (3072K)
 Metaspace       used 80292K, committed 80896K, reserved 1122304K
  class space    used 10901K, committed 11200K, reserved 1048576K
}
Event: 28.069 GC heap before
{Heap before GC invocations=35 (full 0):
 garbage-first heap   total 118784K, used 96238K [0x0000000080000000, 0x0000000100000000)
  region size 1024K, 30 young (30720K), 3 survivors (3072K)
 Metaspace       used 80506K, committed 81088K, reserved 1122304K
  class space    used 10908K, committed 11200K, reserved 1048576K
}
Event: 28.077 GC heap after
{Heap after GC invocations=36 (full 0):
 garbage-first heap   total 118784K, used 71923K [0x0000000080000000, 0x0000000100000000)
  region size 1024K, 3 young (3072K), 3 survivors (3072K)
 Metaspace       used 80506K, committed 81088K, reserved 1122304K
  class space    used 10908K, committed 11200K, reserved 1048576K
}
Event: 29.028 GC heap before
{Heap before GC invocations=37 (full 0):
 garbage-first heap   total 124928K, used 96499K [0x0000000080000000, 0x0000000100000000)
  region size 1024K, 28 young (28672K), 3 survivors (3072K)
 Metaspace       used 80991K, committed 81536K, reserved 1122304K
  class space    used 10969K, committed 11264K, reserved 1048576K
}
Event: 29.036 GC heap after
{Heap after GC invocations=38 (full 0):
 garbage-first heap   total 124928K, used 73547K [0x0000000080000000, 0x0000000100000000)
  region size 1024K, 4 young (4096K), 4 survivors (4096K)
 Metaspace       used 80991K, committed 81536K, reserved 1122304K
  class space    used 10969K, committed 11264K, reserved 1048576K
}
Event: 29.065 GC heap before
{Heap before GC invocations=38 (full 0):
 garbage-first heap   total 124928K, used 75595K [0x0000000080000000, 0x0000000100000000)
  region size 1024K, 6 young (6144K), 4 survivors (4096K)
 Metaspace       used 80996K, committed 81536K, reserved 1122304K
  class space    used 10969K, committed 11264K, reserved 1048576K
}
Event: 29.073 GC heap after
{Heap after GC invocations=39 (full 0):
 garbage-first heap   total 150528K, used 73806K [0x0000000080000000, 0x0000000100000000)
  region size 1024K, 1 young (1024K), 1 survivors (1024K)
 Metaspace       used 80996K, committed 81536K, reserved 1122304K
  class space    used 10969K, committed 11264K, reserved 1048576K
}
Event: 30.294 GC heap before
{Heap before GC invocations=39 (full 0):
 garbage-first heap   total 150528K, used 120910K [0x0000000080000000, 0x0000000100000000)
  region size 1024K, 48 young (49152K), 1 survivors (1024K)
 Metaspace       used 83548K, committed 84096K, reserved 1122304K
  class space    used 11250K, committed 11520K, reserved 1048576K
}
Event: 30.303 GC heap after
{Heap after GC invocations=40 (full 0):
 garbage-first heap   total 150528K, used 76289K [0x0000000080000000, 0x0000000100000000)
  region size 1024K, 4 young (4096K), 4 survivors (4096K)
 Metaspace       used 83548K, committed 84096K, reserved 1122304K
  class space    used 11250K, committed 11520K, reserved 1048576K
}
Event: 31.117 GC heap before
{Heap before GC invocations=41 (full 0):
 garbage-first heap   total 150528K, used 121345K [0x0000000080000000, 0x0000000100000000)
  region size 1024K, 49 young (50176K), 4 survivors (4096K)
 Metaspace       used 86685K, committed 87232K, reserved 1130496K
  class space    used 11700K, committed 11968K, reserved 1048576K
}
Event: 31.135 GC heap after
{Heap after GC invocations=42 (full 0):
 garbage-first heap   total 150528K, used 83236K [0x0000000080000000, 0x0000000100000000)
  region size 1024K, 7 young (7168K), 7 survivors (7168K)
 Metaspace       used 86685K, committed 87232K, reserved 1130496K
  class space    used 11700K, committed 11968K, reserved 1048576K
}
Event: 31.151 GC heap before
{Heap before GC invocations=42 (full 0):
 garbage-first heap   total 150528K, used 84260K [0x0000000080000000, 0x0000000100000000)
  region size 1024K, 9 young (9216K), 7 survivors (7168K)
 Metaspace       used 86754K, committed 87296K, reserved 1130496K
  class space    used 11707K, committed 11968K, reserved 1048576K
}
Event: 31.161 GC heap after
{Heap after GC invocations=43 (full 0):
 garbage-first heap   total 150528K, used 81669K [0x0000000080000000, 0x0000000100000000)
  region size 1024K, 1 young (1024K), 1 survivors (1024K)
 Metaspace       used 86754K, committed 87296K, reserved 1130496K
  class space    used 11707K, committed 11968K, reserved 1048576K
}
Event: 32.066 GC heap before
{Heap before GC invocations=43 (full 0):
 garbage-first heap   total 150528K, used 120581K [0x0000000080000000, 0x0000000100000000)
  region size 1024K, 40 young (40960K), 1 survivors (1024K)
 Metaspace       used 90024K, committed 90560K, reserved 1130496K
  class space    used 12174K, committed 12416K, reserved 1048576K
}
Event: 32.080 GC heap after
{Heap after GC invocations=44 (full 0):
 garbage-first heap   total 150528K, used 88713K [0x0000000080000000, 0x0000000100000000)
  region size 1024K, 5 young (5120K), 5 survivors (5120K)
 Metaspace       used 90024K, committed 90560K, reserved 1130496K
  class space    used 12174K, committed 12416K, reserved 1048576K
}
Event: 33.162 GC heap before
{Heap before GC invocations=45 (full 0):
 garbage-first heap   total 163840K, used 120457K [0x0000000080000000, 0x0000000100000000)
  region size 1024K, 36 young (36864K), 5 survivors (5120K)
 Metaspace       used 91256K, committed 91776K, reserved 1130496K
  class space    used 12356K, committed 12608K, reserved 1048576K
}
Event: 33.183 GC heap after
{Heap after GC invocations=46 (full 0):
 garbage-first heap   total 163840K, used 93184K [0x0000000080000000, 0x0000000100000000)
  region size 1024K, 5 young (5120K), 5 survivors (5120K)
 Metaspace       used 91256K, committed 91776K, reserved 1130496K
  class space    used 12356K, committed 12608K, reserved 1048576K
}
Event: 33.204 GC heap before
{Heap before GC invocations=46 (full 0):
 garbage-first heap   total 163840K, used 96256K [0x0000000080000000, 0x0000000100000000)
  region size 1024K, 8 young (8192K), 5 survivors (5120K)
 Metaspace       used 91281K, committed 91840K, reserved 1130496K
  class space    used 12363K, committed 12608K, reserved 1048576K
}

