# JRE version: OpenJDK Runtime Environment (17.0.6) (build 17.0.6+0-b2043.56-10027231)
# Java VM: OpenJDK 64-Bit Server VM (17.0.6+0-b2043.56-10027231, mixed mode, tiered, compressed oops, compressed class ptrs, g1 gc, windows-amd64)
GC Precious Log:
 CPUs: 4 total, 4 available
 Memory: 3952M
 Large Page Support: Disabled
 NUMA Support: Disabled
 Compressed Oops: Enabled (32-bit)
 Heap Region Size: 1M
 Heap Min Capacity: 8M
 Heap Initial Capacity: 62M
 Heap Max Capacity: 2G
 Pre-touch: Disabled
 Parallel Workers: 4
 Concurrent Workers: 1
 Concurrent Refinement Workers: 4
 Periodic GC: Disabled
Heap:
 garbage-first heap   total 274432K, used 120578K [0x0000000080000000, 0x0000000100000000)
  region size 1024K, 45 young (46080K), 3 survivors (3072K)
 Metaspace       used 88134K, committed 88704K, reserved 1130496K
  class space    used 11870K, committed 12096K, reserved 1048576K
GC Heap History (20 events):
Event: 22.187 GC heap before
{Heap before GC invocations=40 (full 0):
 garbage-first heap   total 102400K, used 81734K [0x0000000080000000, 0x0000000100000000)
  region size 1024K, 27 young (27648K), 4 survivors (4096K)
 Metaspace       used 75009K, committed 75520K, reserved 1122304K
  class space    used 10084K, committed 10304K, reserved 1048576K
}
Event: 22.203 GC heap after
{Heap after GC invocations=41 (full 0):
 garbage-first heap   total 102400K, used 59685K [0x0000000080000000, 0x0000000100000000)
  region size 1024K, 4 young (4096K), 4 survivors (4096K)
 Metaspace       used 75009K, committed 75520K, reserved 1122304K
  class space    used 10084K, committed 10304K, reserved 1048576K
}
Event: 23.151 GC heap before
{Heap before GC invocations=41 (full 0):
 garbage-first heap   total 102400K, used 84261K [0x0000000080000000, 0x0000000100000000)
  region size 1024K, 28 young (28672K), 4 survivors (4096K)
 Metaspace       used 77761K, committed 78336K, reserved 1122304K
  class space    used 10425K, committed 10688K, reserved 1048576K
}
Event: 23.171 GC heap after
{Heap after GC invocations=42 (full 0):
 garbage-first heap   total 122880K, used 62095K [0x0000000080000000, 0x0000000100000000)
  region size 1024K, 4 young (4096K), 4 survivors (4096K)
 Metaspace       used 77761K, committed 78336K, reserved 1122304K
  class space    used 10425K, committed 10688K, reserved 1048576K
}
Event: 24.801 GC heap before
{Heap before GC invocations=43 (full 0):
 garbage-first heap   total 122880K, used 99983K [0x0000000080000000, 0x0000000100000000)
  region size 1024K, 41 young (41984K), 4 survivors (4096K)
 Metaspace       used 79211K, committed 79680K, reserved 1122304K
  class space    used 10716K, committed 10944K, reserved 1048576K
}
Event: 24.825 GC heap after
{Heap after GC invocations=44 (full 0):
 garbage-first heap   total 122880K, used 67990K [0x0000000080000000, 0x0000000100000000)
  region size 1024K, 6 young (6144K), 6 survivors (6144K)
 Metaspace       used 79211K, committed 79680K, reserved 1122304K
  class space    used 10716K, committed 10944K, reserved 1048576K
}
Event: 25.777 GC heap before
{Heap before GC invocations=44 (full 0):
 garbage-first heap   total 122880K, used 97686K [0x0000000080000000, 0x0000000100000000)
  region size 1024K, 36 young (36864K), 6 survivors (6144K)
 Metaspace       used 80264K, committed 80832K, reserved 1122304K
  class space    used 10881K, committed 11136K, reserved 1048576K
}
Event: 25.805 GC heap after
{Heap after GC invocations=45 (full 0):
 garbage-first heap   total 122880K, used 71256K [0x0000000080000000, 0x0000000100000000)
  region size 1024K, 3 young (3072K), 3 survivors (3072K)
 Metaspace       used 80264K, committed 80832K, reserved 1122304K
  class space    used 10881K, committed 11136K, reserved 1048576K
}
Event: 26.885 GC heap before
{Heap before GC invocations=46 (full 0):
 garbage-first heap   total 128000K, used 99928K [0x0000000080000000, 0x0000000100000000)
  region size 1024K, 32 young (32768K), 3 survivors (3072K)
 Metaspace       used 80689K, committed 81280K, reserved 1122304K
  class space    used 10914K, committed 11200K, reserved 1048576K
}
Event: 26.897 GC heap after
{Heap after GC invocations=47 (full 0):
 garbage-first heap   total 128000K, used 73295K [0x0000000080000000, 0x0000000100000000)
  region size 1024K, 3 young (3072K), 3 survivors (3072K)
 Metaspace       used 80689K, committed 81280K, reserved 1122304K
  class space    used 10914K, committed 11200K, reserved 1048576K
}
Event: 26.955 GC heap before
{Heap before GC invocations=47 (full 0):
 garbage-first heap   total 128000K, used 75343K [0x0000000080000000, 0x0000000100000000)
  region size 1024K, 6 young (6144K), 3 survivors (3072K)
 Metaspace       used 80731K, committed 81280K, reserved 1122304K
  class space    used 10914K, committed 11200K, reserved 1048576K
}
Event: 26.964 GC heap after
{Heap after GC invocations=48 (full 0):
 garbage-first heap   total 128000K, used 73274K [0x0000000080000000, 0x0000000100000000)
  region size 1024K, 1 young (1024K), 1 survivors (1024K)
 Metaspace       used 80731K, committed 81280K, reserved 1122304K
  class space    used 10914K, committed 11200K, reserved 1048576K
}
Event: 29.915 GC heap before
{Heap before GC invocations=48 (full 0):
 garbage-first heap   total 128000K, used 103994K [0x0000000080000000, 0x0000000100000000)
  region size 1024K, 32 young (32768K), 1 survivors (1024K)
 Metaspace       used 81935K, committed 82496K, reserved 1122304K
  class space    used 10996K, committed 11264K, reserved 1048576K
}
Event: 29.932 GC heap after
{Heap after GC invocations=49 (full 0):
 garbage-first heap   total 128000K, used 75428K [0x0000000080000000, 0x0000000100000000)
  region size 1024K, 3 young (3072K), 3 survivors (3072K)
 Metaspace       used 81935K, committed 82496K, reserved 1122304K
  class space    used 10996K, committed 11264K, reserved 1048576K
}
Event: 34.210 GC heap before
{Heap before GC invocations=50 (full 0):
 garbage-first heap   total 130048K, used 105124K [0x0000000080000000, 0x0000000100000000)
  region size 1024K, 33 young (33792K), 3 survivors (3072K)
 Metaspace       used 83651K, committed 84224K, reserved 1122304K
  class space    used 11236K, committed 11520K, reserved 1048576K
}
Event: 34.231 GC heap after
{Heap after GC invocations=51 (full 0):
 garbage-first heap   total 130048K, used 77339K [0x0000000080000000, 0x0000000100000000)
  region size 1024K, 5 young (5120K), 5 survivors (5120K)
 Metaspace       used 83651K, committed 84224K, reserved 1122304K
  class space    used 11236K, committed 11520K, reserved 1048576K
}
Event: 34.267 GC heap before
{Heap before GC invocations=51 (full 0):
 garbage-first heap   total 130048K, used 78363K [0x0000000080000000, 0x0000000100000000)
  region size 1024K, 6 young (6144K), 5 survivors (5120K)
 Metaspace       used 83705K, committed 84288K, reserved 1122304K
  class space    used 11241K, committed 11520K, reserved 1048576K
}
Event: 34.291 GC heap after
{Heap after GC invocations=52 (full 0):
 garbage-first heap   total 130048K, used 77538K [0x0000000080000000, 0x0000000100000000)
  region size 1024K, 1 young (1024K), 1 survivors (1024K)
 Metaspace       used 83705K, committed 84288K, reserved 1122304K
  class space    used 11241K, committed 11520K, reserved 1048576K
}
Event: 36.194 GC heap before
{Heap before GC invocations=52 (full 0):
 garbage-first heap   total 130048K, used 107234K [0x0000000080000000, 0x0000000100000000)
  region size 1024K, 31 young (31744K), 1 survivors (1024K)
 Metaspace       used 86208K, committed 86784K, reserved 1130496K
  class space    used 11587K, committed 11840K, reserved 1048576K
}
Event: 36.207 GC heap after
{Heap after GC invocations=53 (full 0):
 garbage-first heap   total 274432K, used 79618K [0x0000000080000000, 0x0000000100000000)
  region size 1024K, 3 young (3072K), 3 survivors (3072K)
 Metaspace       used 86208K, committed 86784K, reserved 1130496K
  class space    used 11587K, committed 11840K, reserved 1048576K
}

